\BOOKMARK [0][-]{cover.0}{\376\377\000\116\000\112\000\125\000\040\000\103\000\157\000\166\000\145\000\162}{}% 1
\BOOKMARK [0][-]{abstract.0}{\376\377\144\130\060\000\211\201}{}% 2
\BOOKMARK [0][-]{englishabstract.0}{\376\377\000\101\000\142\000\163\000\164\000\162\000\141\000\143\000\164}{}% 3
\BOOKMARK [0][-]{chapter*.1}{\376\377\166\356\000\040\000\040\137\125}{}% 4
\BOOKMARK [0][-]{chapter.1}{\376\377\173\054\116\000\172\340\000\040\000\040\176\352\212\000}{}% 5
\BOOKMARK [1][-]{section.1.1}{\376\377\000\061\000\056\000\061\000\040\170\024\172\166\200\314\146\157}{chapter.1}% 6
\BOOKMARK [1][-]{section.1.2}{\376\377\000\061\000\056\000\062\000\040\170\024\172\166\163\260\162\266}{chapter.1}% 7
\BOOKMARK [1][-]{section.1.3}{\376\377\000\061\000\056\000\063\000\040\147\054\145\207\135\345\117\134}{chapter.1}% 8
\BOOKMARK [1][-]{section.1.4}{\376\377\000\061\000\056\000\064\000\040\147\054\145\207\176\304\176\307}{chapter.1}% 9
\BOOKMARK [0][-]{chapter.2}{\376\377\173\054\116\214\172\340\000\040\000\040\166\370\121\163\135\345\117\134}{}% 10
\BOOKMARK [1][-]{section.2.1}{\376\377\000\062\000\056\000\061\000\040\227\000\154\102\123\357\217\375\216\052\140\047}{chapter.2}% 11
\BOOKMARK [1][-]{section.2.2}{\376\377\000\062\000\056\000\062\000\040\117\341\140\157\150\300\175\042\142\200\147\057}{chapter.2}% 12
\BOOKMARK [2][-]{subsection.2.2.1}{\376\377\000\062\000\056\000\062\000\056\000\061\000\040\000\126\000\123\000\115}{section.2.2}% 13
\BOOKMARK [2][-]{subsection.2.2.2}{\376\377\000\062\000\056\000\062\000\056\000\062\000\040\000\114\000\123\000\111}{section.2.2}% 14
\BOOKMARK [2][-]{subsection.2.2.3}{\376\377\000\062\000\056\000\062\000\056\000\063\000\040\000\112\000\123}{section.2.2}% 15
\BOOKMARK [1][-]{section.2.3}{\376\377\000\062\000\056\000\063\000\040\176\323\124\010\165\050\142\067\123\315\231\210}{chapter.2}% 16
\BOOKMARK [1][-]{section.2.4}{\376\377\000\062\000\056\000\064\000\040\176\323\124\010\116\343\170\001\117\235\215\126\121\163\174\373}{chapter.2}% 17
\BOOKMARK [1][-]{section.2.5}{\376\377\000\062\000\056\000\065\000\040\176\323\124\010\165\050\142\067\123\315\231\210\124\214\116\343\170\001\176\323\147\204\117\341\140\157}{chapter.2}% 18
\BOOKMARK [1][-]{section.2.6}{\376\377\000\062\000\056\000\066\000\040\227\000\154\102\217\375\216\052\145\160\143\156\226\306\377\010\000\122\000\124\000\115\377\011\147\204\220\040}{chapter.2}% 19
\BOOKMARK [1][-]{section.2.7}{\376\377\000\062\000\056\000\067\000\040\147\054\172\340\134\017\176\323}{chapter.2}% 20
\BOOKMARK [0][-]{chapter.3}{\376\377\173\054\116\011\172\340\000\040\000\040\176\323\124\010\116\343\170\001\175\047\133\306\136\246\122\006\147\220\124\214\165\050\142\067\123\315\231\210\166\204\217\157\116\366\123\357\217\375\216\052\165\037\142\020\145\271\154\325}{}% 21
\BOOKMARK [1][-]{section.3.1}{\376\377\000\063\000\056\000\061\000\040\137\025\212\000}{chapter.3}% 22
\BOOKMARK [1][-]{section.3.2}{\376\377\000\063\000\056\000\062\000\040\200\314\146\157}{chapter.3}% 23
\BOOKMARK [2][-]{subsection.3.2.1}{\376\377\000\063\000\056\000\062\000\056\000\061\000\040\170\024\172\166\225\356\230\230}{section.3.2}% 24
\BOOKMARK [2][-]{subsection.3.2.2}{\376\377\000\063\000\056\000\062\000\056\000\062\000\040\170\024\172\166\163\260\162\266}{section.3.2}% 25
\BOOKMARK [2][-]{subsection.3.2.3}{\376\377\000\063\000\056\000\062\000\056\000\063\000\040\170\024\172\166\122\250\147\072}{section.3.2}% 26
\BOOKMARK [2][-]{subsection.3.2.4}{\376\377\000\063\000\056\000\062\000\056\000\064\000\040\225\356\230\230\133\232\116\111}{section.3.2}% 27
\BOOKMARK [1][-]{section.3.3}{\376\377\000\063\000\056\000\063\000\040\145\271\154\325\151\202\217\360}{chapter.3}% 28
\BOOKMARK [1][-]{section.3.4}{\376\377\000\063\000\056\000\064\000\040\116\343\170\001\117\235\215\126\121\163\174\373\143\125\203\267}{chapter.3}% 29
\BOOKMARK [2][-]{subsection.3.4.1}{\376\377\000\063\000\056\000\064\000\056\000\061\000\040\174\173\116\113\225\364\166\204\116\343\170\001\117\235\215\126\121\163\174\373}{section.3.4}% 30
\BOOKMARK [2][-]{subsection.3.4.2}{\376\377\000\063\000\056\000\064\000\056\000\062\000\040\203\267\123\326\116\343\170\001\117\235\215\126}{section.3.4}% 31
\BOOKMARK [2][-]{subsection.3.4.3}{\376\377\000\063\000\056\000\064\000\056\000\063\000\040\176\304\176\307\116\343\170\001\117\235\215\126\121\163\174\373}{section.3.4}% 32
\BOOKMARK [1][-]{section.3.5}{\376\377\000\063\000\056\000\065\000\040\213\241\173\227\116\343\170\001\117\235\215\126\175\047\133\306\136\246\136\166\165\037\142\020\116\343\170\001\117\235\215\126\127\337}{chapter.3}% 33
\BOOKMARK [2][-]{subsection.3.5.1}{\376\377\000\063\000\056\000\065\000\056\000\061\000\040\213\241\173\227\166\364\143\245\116\343\170\001\117\235\215\126\175\047\133\306\136\246}{section.3.5}% 34
\BOOKMARK [2][-]{subsection.3.5.2}{\376\377\000\063\000\056\000\065\000\056\000\062\000\040\213\241\173\227\145\160\143\156\117\235\215\126\175\047\133\306\136\246}{section.3.5}% 35
\BOOKMARK [2][-]{subsection.3.5.3}{\376\377\000\063\000\056\000\065\000\056\000\063\000\040\136\372\172\313\000\103\000\104\000\103\000\107\000\162\000\141\000\160\000\150}{section.3.5}% 36
\BOOKMARK [1][-]{section.3.6}{\376\377\000\063\000\056\000\066\000\040\127\372\116\216\117\341\140\157\150\300\175\042\145\271\154\325\165\037\142\020\120\031\220\011\217\375\216\052\176\277\175\042\122\027\210\150}{chapter.3}% 37
\BOOKMARK [1][-]{section.3.7}{\376\377\000\063\000\056\000\067\000\040\176\323\124\010\175\047\133\306\136\246\122\006\147\220\124\214\165\050\142\067\123\315\231\210\133\371\120\031\220\011\122\027\210\150\221\315\143\222\136\217}{chapter.3}% 38
\BOOKMARK [1][-]{section.3.8}{\376\377\000\063\000\056\000\070\000\040\176\323\124\010\175\047\133\306\136\246\122\006\147\220\124\214\165\050\142\067\123\315\231\210\133\371\120\031\220\011\122\027\210\150\221\315\143\222\136\217}{chapter.3}% 39
\BOOKMARK [2][-]{subsection.3.8.1}{\376\377\000\063\000\056\000\070\000\056\000\061\000\040\136\372\172\313\120\031\220\011\116\343\170\001\127\337}{section.3.8}% 40
\BOOKMARK [2][-]{subsection.3.8.2}{\376\377\000\063\000\056\000\070\000\056\000\062\000\040\214\003\145\164\127\337\121\205\174\173\133\371\136\224\120\031\220\011\176\277\175\042\166\370\117\074\136\246\120\074}{section.3.8}% 41
\BOOKMARK [2][-]{subsection.3.8.3}{\376\377\000\063\000\056\000\070\000\056\000\063\000\040\214\003\145\164\127\337\131\026\174\173\133\371\136\224\120\031\220\011\176\277\175\042\166\370\117\074\136\246\120\074}{section.3.8}% 42
\BOOKMARK [2][-]{subsection.3.8.4}{\376\377\000\063\000\056\000\070\000\056\000\064\000\040\176\323\147\137\122\044\145\255\116\343\170\001\127\337\116\016\227\000\154\102\166\370\121\163\140\047}{section.3.8}% 43
\BOOKMARK [1][-]{section.3.9}{\376\377\000\063\000\056\000\071\000\040\150\110\117\213\122\006\147\220}{chapter.3}% 44
\BOOKMARK [2][-]{subsection.3.9.1}{\376\377\000\063\000\056\000\071\000\056\000\061\000\040\133\236\232\214\174\373\176\337\116\313\176\315}{section.3.9}% 45
\BOOKMARK [2][-]{subsection.3.9.2}{\376\377\000\063\000\056\000\071\000\056\000\062\000\040\116\072\000\151\000\124\000\162\000\165\000\163\000\164\174\373\176\337\136\372\172\313\123\357\217\375\216\052\140\047\217\307\172\013}{section.3.9}% 46
\BOOKMARK [1][-]{section.3.10}{\376\377\000\063\000\056\000\061\000\060\000\040\147\054\172\340\134\017\176\323}{chapter.3}% 47
\BOOKMARK [0][-]{chapter.4}{\376\377\173\054\126\333\172\340\000\040\000\040\145\160\143\156\176\304\176\307\123\312\145\271\154\325\232\214\213\301}{}% 48
\BOOKMARK [1][-]{section.4.1}{\376\377\000\064\000\056\000\061\000\040\145\160\143\156\176\304\176\307}{chapter.4}% 49
\BOOKMARK [2][-]{subsection.4.1.1}{\376\377\000\064\000\056\000\061\000\056\000\061\000\040\116\343\170\001\117\235\215\126\143\125\203\267}{section.4.1}% 50
\BOOKMARK [2][-]{subsection.4.1.2}{\376\377\000\064\000\056\000\061\000\056\000\062\000\040\000\111\000\156\000\146\000\151\000\156\000\151\000\163\000\160\000\141\000\156}{section.4.1}% 51
\BOOKMARK [2][-]{subsection.4.1.3}{\376\377\000\064\000\056\000\061\000\056\000\063\000\040\000\120\000\151\000\147}{section.4.1}% 52
\BOOKMARK [2][-]{subsection.4.1.4}{\376\377\000\064\000\056\000\061\000\056\000\064\000\040\000\122\000\124\000\115\176\304\176\307}{section.4.1}% 53
\BOOKMARK [1][-]{section.4.2}{\376\377\000\064\000\056\000\062\000\040\176\323\124\010\116\343\170\001\117\235\215\126\175\047\133\306\136\246\122\006\147\220\124\214\165\050\142\067\123\315\231\210\166\204\217\157\116\366\123\357\217\375\216\052\165\037\142\020\145\271\154\325}{chapter.4}% 54
\BOOKMARK [2][-]{subsection.4.2.1}{\376\377\000\064\000\056\000\062\000\056\000\061\000\040\133\236\232\214\166\356\150\007\116\016\213\304\116\367\143\007\150\007}{section.4.2}% 55
\BOOKMARK [2][-]{subsection.4.2.2}{\376\377\000\064\000\056\000\062\000\056\000\062\000\040\226\010\120\074\213\276\177\156}{section.4.2}% 56
\BOOKMARK [2][-]{subsection.4.2.3}{\376\377\000\064\000\056\000\062\000\056\000\063\000\040\133\236\232\214\174\373\176\337}{section.4.2}% 57
\BOOKMARK [2][-]{subsection.4.2.4}{\376\377\000\064\000\056\000\062\000\056\000\064\000\040\170\024\172\166\225\356\230\230}{section.4.2}% 58
\BOOKMARK [2][-]{subsection.4.2.5}{\376\377\000\064\000\056\000\062\000\056\000\065\000\040\133\236\232\214\176\323\147\234\116\016\122\006\147\220}{section.4.2}% 59
\BOOKMARK [1][-]{section.4.3}{\376\377\000\064\000\056\000\063\000\040\147\054\172\340\134\017\176\323}{chapter.4}% 60
\BOOKMARK [0][-]{chapter.5}{\376\377\173\054\116\224\172\340\000\040\000\040\217\157\116\366\123\357\217\375\216\052\165\037\142\020\135\345\121\167\166\204\213\276\213\241\116\016\133\236\163\260}{}% 61
\BOOKMARK [1][-]{section.5.1}{\376\377\000\065\000\056\000\061\000\040\136\224\165\050\127\072\146\157}{chapter.5}% 62
\BOOKMARK [1][-]{section.5.2}{\376\377\000\065\000\056\000\062\000\040\135\345\121\167\166\204\117\123\174\373\176\323\147\204}{chapter.5}% 63
\BOOKMARK [1][-]{section.5.3}{\376\377\000\065\000\056\000\063\000\040\150\110\117\213\116\313\176\315}{chapter.5}% 64
\BOOKMARK [1][-]{section.5.4}{\376\377\000\065\000\056\000\064\000\040\147\054\172\340\134\017\176\323}{chapter.5}% 65
\BOOKMARK [0][-]{chapter.6}{\376\377\173\054\121\155\172\340\000\040\000\040\140\073\176\323\116\016\134\125\147\033}{}% 66
\BOOKMARK [1][-]{section.6.1}{\376\377\000\066\000\056\000\061\000\040\135\345\117\134\140\073\176\323}{chapter.6}% 67
\BOOKMARK [1][-]{section.6.2}{\376\377\000\066\000\056\000\062\000\040\170\024\172\166\134\125\147\033}{chapter.6}% 68
\BOOKMARK [0][-]{chapter*.3}{\376\377\201\364\000\040\000\040\214\042}{}% 69
\BOOKMARK [0][-]{chapter*.4}{\376\377\173\200\123\206\116\016\171\321\170\024\142\020\147\234}{}% 70
\BOOKMARK [0][-]{chapter*.5}{\376\377\123\302\200\003\145\207\163\056}{}% 71
