\BOOKMARK [0][-]{chapter*.1}{\376\377\166\356\000\040\000\040\137\125}{}% 1
\BOOKMARK [0][-]{chapter.1}{\376\377\173\054\116\000\172\340\000\040\000\040\176\352\212\000}{}% 2
\BOOKMARK [1][-]{section.1.1}{\376\377\000\061\000\056\000\061\000\040\170\024\172\166\200\314\146\157}{chapter.1}% 3
\BOOKMARK [1][-]{section.1.2}{\376\377\000\061\000\056\000\062\000\040\147\054\145\207\176\304\176\307}{chapter.1}% 4
\BOOKMARK [0][-]{chapter.2}{\376\377\173\054\116\214\172\340\000\040\000\040\166\370\121\163\135\345\117\134}{}% 5
\BOOKMARK [1][-]{section.2.1}{\376\377\000\062\000\056\000\061\000\040\170\024\172\166\200\314\146\157}{chapter.2}% 6
\BOOKMARK [1][-]{section.2.2}{\376\377\000\062\000\056\000\062\000\040\147\054\145\207\176\304\176\307}{chapter.2}% 7
\BOOKMARK [0][-]{chapter.3}{\376\377\173\054\116\011\172\340\000\040\000\040\127\372\116\216\116\343\170\001\117\235\215\126\121\163\174\373\166\204\227\000\154\102\123\357\217\375\216\052\140\047\165\037\142\020\145\271\154\325\127\372\116\216\116\343\170\001\117\235\215\126\121\163\174\373\166\204\227\000\154\102\123\357\217\375\216\052\140\047\165\037\142\020\145\271\154\325}{}% 8
\BOOKMARK [1][-]{section.3.1}{\376\377\000\063\000\056\000\061\000\040\137\025\212\000}{chapter.3}% 9
\BOOKMARK [1][-]{section.3.2}{\376\377\000\063\000\056\000\062\000\040\147\054\172\340\134\017\176\323}{chapter.3}% 10
\BOOKMARK [0][-]{chapter.4}{\376\377\173\054\126\333\172\340\000\040\000\040\127\372\116\216\116\343\170\001\117\235\215\126\121\163\174\373\166\204\217\307\145\366\227\000\154\102\201\352\122\250\150\300\155\113\000\040\116\016\146\364\145\260\143\250\203\120\145\271\154\325}{}% 11
\BOOKMARK [1][-]{section.4.1}{\376\377\000\064\000\056\000\061\000\040\137\025\212\000}{chapter.4}% 12
\BOOKMARK [1][-]{section.4.2}{\376\377\000\064\000\056\000\062\000\040\200\314\146\157}{chapter.4}% 13
\BOOKMARK [2][-]{subsection.4.2.1}{\376\377\000\064\000\056\000\062\000\056\000\061\000\040\170\024\172\166\122\250\147\072}{section.4.2}% 14
\BOOKMARK [2][-]{subsection.4.2.2}{\376\377\000\064\000\056\000\062\000\056\000\062\000\040\225\356\230\230\133\232\116\111}{section.4.2}% 15
\BOOKMARK [1][-]{section.4.3}{\376\377\000\064\000\056\000\063\000\040\145\271\154\325\151\202\217\360}{chapter.4}% 16
\BOOKMARK [1][-]{section.4.4}{\376\377\000\064\000\056\000\064\000\040\116\343\170\001\117\235\215\126\121\163\174\373\147\204\142\020\166\204\116\343\170\001\123\330\146\364\176\304\213\306\122\053\142\200\147\057}{chapter.4}% 17
\BOOKMARK [2][-]{subsection.4.4.1}{\376\377\000\064\000\056\000\064\000\056\000\061\000\040\153\324\217\203\116\343\170\001\121\103\175\040\166\204\135\356\137\002}{section.4.4}% 18
\BOOKMARK [2][-]{subsection.4.4.2}{\376\377\000\064\000\056\000\064\000\056\000\062\000\040\147\204\220\040\123\330\146\364\176\304}{section.4.4}% 19
\BOOKMARK [1][-]{section.4.5}{\376\377\000\064\000\056\000\065\000\040\127\372\116\216\123\330\146\364\176\304\145\207\147\054\116\016\227\000\154\102\145\207\147\054\166\370\117\074\140\047\166\204\217\307\145\366\227\000\154\102\201\352\122\250\150\300\155\113\145\271\154\325}{chapter.4}% 20
\BOOKMARK [2][-]{subsection.4.5.1}{\376\377\000\064\000\056\000\065\000\056\000\061\000\040\142\275\123\326\121\163\225\056\213\315\116\345\147\204\220\040\123\330\146\364\176\304\166\204\143\317\217\360\145\207\147\054}{section.4.5}% 21
\BOOKMARK [2][-]{subsection.4.5.2}{\376\377\000\064\000\056\000\065\000\056\000\062\000\040\127\372\116\216\117\341\140\157\150\300\175\042\142\200\147\057\165\037\142\020\217\321\117\074\120\031\220\011\217\307\145\366\227\000\154\102\166\204\143\222\136\217}{section.4.5}% 22
\BOOKMARK [1][-]{section.4.6}{\376\377\000\064\000\056\000\066\000\040\133\236\232\214\116\016\122\006\147\220}{chapter.4}% 23
\BOOKMARK [2][-]{subsection.4.6.1}{\376\377\000\064\000\056\000\066\000\056\000\061\000\040\133\236\232\214\166\356\150\007\116\016\213\304\116\367\143\007\150\007}{section.4.6}% 24
\BOOKMARK [2][-]{subsection.4.6.2}{\376\377\000\064\000\056\000\066\000\056\000\062\000\040\170\024\172\166\150\110\117\213\116\016\133\236\232\214\213\276\177\156}{section.4.6}% 25
\BOOKMARK [2][-]{subsection.4.6.3}{\376\377\000\064\000\056\000\066\000\056\000\063\000\040\133\236\232\214\176\323\147\234\116\016\176\323\147\234\122\006\147\220}{section.4.6}% 26
\BOOKMARK [1][-]{section.4.7}{\376\377\000\064\000\056\000\067\000\040\147\054\172\340\134\017\176\323}{chapter.4}% 27
\BOOKMARK [0][-]{chapter.5}{\376\377\173\054\116\224\172\340\000\040\000\040\140\073\176\323\116\016\134\125\147\033}{}% 28
\BOOKMARK [1][-]{section.5.1}{\376\377\000\065\000\056\000\061\000\040\135\345\117\134\140\073\176\323}{chapter.5}% 29
\BOOKMARK [1][-]{section.5.2}{\376\377\000\065\000\056\000\062\000\040\170\024\172\166\134\125\147\033}{chapter.5}% 30
\BOOKMARK [0][-]{chapter*.3}{\376\377\173\200\123\206\116\016\171\321\170\024\142\020\147\234}{}% 31
\BOOKMARK [0][-]{chapter*.4}{\376\377\123\302\200\003\145\207\163\056}{}% 32
